<?xml version="1.0" encoding="UTF-8"?>
<!-- Generated by org.testng.reporters.JUnitReportReporter -->
<testsuite hostname="LTIN218574" failures="0" tests="3" name="testCases.TC002_HomeLoanValidation" time="18.554" errors="0" timestamp="2024-02-28T17:32:48 IST" skipped="0">
  <testcase classname="testCases.TC002_HomeLoanValidation" name="HomeLoanValidation" time="1.955"/>
  <system-out/>
  <testcase classname="testCases.TC002_HomeLoanValidation" name="switchToLoanEmiCalculatorPage" time="5.197"/>
  <system-out/>
  <testcase classname="testCases.TC002_HomeLoanValidation" name="storingThedataIntoExcel" time="11.402"/>
  <system-out/>
</testsuite> <!-- testCases.TC002_HomeLoanValidation -->
