<?xml version="1.0" encoding="UTF-8"?>
<!-- Generated by org.testng.reporters.JUnitReportReporter -->
<testsuite hostname="LTIN218574" failures="0" tests="1" name="testCases.TCOO5_LoanTenureValidation" time="0.821" errors="0" timestamp="2024-02-28T17:32:48 IST" skipped="0">
  <testcase classname="testCases.TCOO5_LoanTenureValidation" name="LoanTenureUIvalidation" time="0.821"/>
  <system-out/>
</testsuite> <!-- testCases.TCOO5_LoanTenureValidation -->
