<?xml version="1.0" encoding="UTF-8"?>
<!-- Generated by org.testng.reporters.JUnitReportReporter -->
<testsuite hostname="LTIN218574" failures="0" tests="4" name="testCases.TC001_CarEmiValidation" time="7.850" errors="0" timestamp="2024-03-12T14:24:56 IST" skipped="0">
  <testcase classname="testCases.TC001_CarEmiValidation" name="homePageTitlevalidation" time="0.228"/>
  <system-out/>
  <testcase classname="testCases.TC001_CarEmiValidation" name="_Emi_validation_carLoan" time="7.140"/>
  <system-out/>
  <testcase classname="testCases.TC001_CarEmiValidation" name="CalculateTotalAmount" time="0.281"/>
  <system-out/>
  <testcase classname="testCases.TC001_CarEmiValidation" name="totalAmount_InterestAmount_Calculation" time="0.201"/>
  <system-out/>
</testsuite> <!-- testCases.TC001_CarEmiValidation -->
