<?xml version="1.0" encoding="UTF-8"?>
<!-- Generated by org.testng.reporters.JUnitReportReporter -->
<testsuite hostname="LTIN218574" failures="0" tests="3" name="testCases.TC001_CarEmiValidation" time="28.617" errors="0" timestamp="2024-02-28T17:32:48 IST" skipped="0">
  <testcase classname="testCases.TC001_CarEmiValidation" name="car_Emi_validation" time="28.198"/>
  <system-out/>
  <testcase classname="testCases.TC001_CarEmiValidation" name="CalculateTotalAmount" time="0.180"/>
  <system-out/>
  <testcase classname="testCases.TC001_CarEmiValidation" name="car_emiCalculation" time="0.239"/>
  <system-out/>
</testsuite> <!-- testCases.TC001_CarEmiValidation -->
