<?xml version="1.0" encoding="UTF-8"?>
<!-- Generated by org.testng.reporters.JUnitReportReporter -->
<testsuite hostname="LTIN218574" failures="0" tests="1" name="testCases.TCOO4_LoanAmountCalculators" time="1.355" errors="0" timestamp="2024-02-28T17:32:48 IST" skipped="0">
  <testcase classname="testCases.TCOO4_LoanAmountCalculators" name="LoanAmountCalculatorValidation" time="1.355"/>
  <system-out/>
</testsuite> <!-- testCases.TCOO4_LoanAmountCalculators -->
