<?xml version="1.0" encoding="UTF-8"?>
<!-- Generated by org.testng.reporters.JUnitReportReporter -->
<testsuite hostname="LTIN218574" failures="0" tests="1" name="testCases.TC003_HomeLoanEMIValidation" time="2.765" errors="0" timestamp="2024-02-28T17:32:48 IST" skipped="0">
  <testcase classname="testCases.TC003_HomeLoanEMIValidation" name="Uivalidation" time="2.765"/>
  <system-out/>
</testsuite> <!-- testCases.TC003_HomeLoanEMIValidation -->
