<?xml version="1.0" encoding="UTF-8"?>
<!-- Generated by org.testng.reporters.JUnitReportReporter -->
<testsuite hostname="LTIN218574" failures="0" tests="2" name="testCases.TC003_HomeLoanEMIValidation" time="8.710" errors="0" timestamp="2024-03-12T14:24:56 IST" skipped="0">
  <testcase classname="testCases.TC003_HomeLoanEMIValidation" name="loanCalculatorPageValidation" time="7.632"/>
  <system-out/>
  <testcase classname="testCases.TC003_HomeLoanEMIValidation" name="loanCalculatorPageUivalidation" time="1.078"/>
  <system-out/>
</testsuite> <!-- testCases.TC003_HomeLoanEMIValidation -->
