<?xml version="1.0" encoding="UTF-8"?>
<!-- Generated by org.testng.reporters.JUnitReportReporter -->
<testsuite hostname="LTIN218574" failures="0" tests="4" name="testCases.TC002_HomeLoanValidation" time="24.834" errors="0" timestamp="2024-03-12T14:24:56 IST" skipped="0">
  <testcase classname="testCases.TC002_HomeLoanValidation" name="Navigate_HomeLoanValidation" time="5.235"/>
  <system-out/>
  <testcase classname="testCases.TC002_HomeLoanValidation" name="HomeLoanPageTitle" time="0.028"/>
  <system-out/>
  <testcase classname="testCases.TC002_HomeLoanValidation" name="switchToLoanEmiCalculatorPage" time="5.980"/>
  <system-out/>
  <testcase classname="testCases.TC002_HomeLoanValidation" name="storingThedataIntoExcel" time="13.591"/>
  <system-out/>
</testsuite> <!-- testCases.TC002_HomeLoanValidation -->
