<?xml version="1.0" encoding="UTF-8"?>
<!-- Generated by org.testng.reporters.JUnitReportReporter -->
<testsuite hostname="LTIN218574" failures="0" tests="1" name="testCases.TCOO4_LoanAmountCalculators" time="2.024" errors="0" timestamp="2024-03-12T14:24:56 IST" skipped="0">
  <testcase classname="testCases.TCOO4_LoanAmountCalculators" name="LoanAmountCalculatorUIValidation" time="2.024"/>
  <system-out/>
</testsuite> <!-- testCases.TCOO4_LoanAmountCalculators -->
