<?xml version="1.0" encoding="UTF-8"?>
<!-- Generated by org.testng.reporters.JUnitReportReporter -->
<testsuite hostname="LTIN218574" failures="0" tests="5" name="testCases.TC001_listOFtestCases" time="212.616" errors="0" timestamp="2024-02-23T17:03:16 IST" skipped="0">
  <testcase classname="testCases.TC001_listOFtestCases" name="car_Emi_validation" time="3.287"/>
  <system-out/>
  <testcase classname="testCases.TC001_listOFtestCases" name="HomeLoanValidation" time="129.007"/>
  <system-out/>
  <testcase classname="testCases.TC001_listOFtestCases" name="Uivalidation" time="78.790"/>
  <system-out/>
  <testcase classname="testCases.TC001_listOFtestCases" name="LoanAmountCalculatorValidation" time="0.827"/>
  <system-out/>
  <testcase classname="testCases.TC001_listOFtestCases" name="LoanTenureUIvalidation" time="0.705"/>
  <system-out/>
</testsuite> <!-- testCases.TC001_listOFtestCases -->
