<?xml version="1.0" encoding="UTF-8"?>
<!-- Generated by org.testng.reporters.JUnitReportReporter -->
<testsuite hostname="LTIN218574" failures="0" tests="1" name="testCases.TCOO5_LoanTenureValidation" time="1.124" errors="0" timestamp="2024-03-12T14:24:56 IST" skipped="0">
  <testcase classname="testCases.TCOO5_LoanTenureValidation" name="LoanTenureUIvalidation" time="1.124"/>
  <system-out/>
</testsuite> <!-- testCases.TCOO5_LoanTenureValidation -->
